<?xml version="1.0" encoding="UTF-8"?>
<!-- Generated by org.testng.reporters.JUnitReportReporter -->
<testsuite hostname="E5530-2340" name="com.test1.tests.ScheduleLMByUtilityTest" tests="7" failures="0" timestamp="17 Mar 2016 15:07:43 GMT" time="491.920" errors="0">
  <testcase name="testSuccessfulLoadMgmtAdd" time="73.645" classname="com.test1.tests.ScheduleLMByUtilityTest"/>
  <testcase name="testSuccessfulLoadMgmtAdd" time="67.423" classname="com.test1.tests.ScheduleLMByUtilityTest"/>
  <testcase name="testSuccessfulLoadMgmtAdd" time="72.824" classname="com.test1.tests.ScheduleLMByUtilityTest"/>
  <testcase name="testSuccessfulLoadMgmtAdd" time="64.002" classname="com.test1.tests.ScheduleLMByUtilityTest"/>
  <testcase name="testSuccessfulLoadMgmtAdd" time="71.366" classname="com.test1.tests.ScheduleLMByUtilityTest"/>
  <testcase name="testSuccessfulLoadMgmtAdd" time="75.058" classname="com.test1.tests.ScheduleLMByUtilityTest"/>
  <testcase name="testSuccessfulLoadMgmtAdd" time="67.602" classname="com.test1.tests.ScheduleLMByUtilityTest"/>
</testsuite> <!-- com.test1.tests.ScheduleLMByUtilityTest -->
