<?xml version="1.0" encoding="UTF-8"?>
<!-- Generated by org.testng.reporters.JUnitReportReporter -->
<testsuite hostname="E5530-2340" name="com.test1.tests.AddNewTestViaConfigPageNowTest" tests="4" failures="0" timestamp="23 Mar 2016 14:03:17 GMT" time="287.719" errors="0">
  <testcase name="testSuccessfulTestNowAdd2" time="70.692" classname="com.test1.tests.AddNewTestViaConfigPageNowTest"/>
  <testcase name="testSuccessfulTestNowAdd2" time="72.529" classname="com.test1.tests.AddNewTestViaConfigPageNowTest"/>
  <testcase name="testSuccessfulTestNowAdd2" time="69.553" classname="com.test1.tests.AddNewTestViaConfigPageNowTest"/>
  <testcase name="testSuccessfulTestNowAdd2" time="74.945" classname="com.test1.tests.AddNewTestViaConfigPageNowTest"/>
</testsuite> <!-- com.test1.tests.AddNewTestViaConfigPageNowTest -->
