<?xml version="1.0" encoding="UTF-8"?>
<!-- Generated by org.testng.reporters.JUnitReportReporter -->
<testsuite hostname="E5530-2340" name="com.test1.tests.CreateNewUserCheckDB" tests="1" failures="0" timestamp="1 Apr 2016 17:41:59 GMT" time="33.145" errors="0">
  <testcase name="testNewUserCreationCheckDB" time="33.145" classname="com.test1.tests.CreateNewUserCheckDB"/>
</testsuite> <!-- com.test1.tests.CreateNewUserCheckDB -->
