<?xml version="1.0" encoding="UTF-8"?>
<!-- Generated by org.testng.reporters.JUnitReportReporter -->
<testsuite hostname="E5530-2340" name="com.test1.tests.ScheduleLMByUtilityNowTest" tests="4" failures="0" timestamp="23 Mar 2016 15:51:55 GMT" time="306.457" errors="0">
  <testcase name="testSuccessfulLoadMgmtUtilityNowAdd" time="78.016" classname="com.test1.tests.ScheduleLMByUtilityNowTest"/>
  <testcase name="testSuccessfulLoadMgmtUtilityNowAdd" time="75.227" classname="com.test1.tests.ScheduleLMByUtilityNowTest"/>
  <testcase name="testSuccessfulLoadMgmtUtilityNowAdd" time="74.262" classname="com.test1.tests.ScheduleLMByUtilityNowTest"/>
  <testcase name="testSuccessfulLoadMgmtUtilityNowAdd" time="78.952" classname="com.test1.tests.ScheduleLMByUtilityNowTest"/>
</testsuite> <!-- com.test1.tests.ScheduleLMByUtilityNowTest -->
