<?xml version="1.0" encoding="UTF-8"?>
<!-- Generated by org.testng.reporters.JUnitReportReporter -->
<testsuite hostname="E5530-2340" name="com.test1.tests.ScheduleTestNowBySiteNameTest" tests="2" failures="0" timestamp="22 Mar 2016 17:11:04 GMT" time="127.201" errors="0">
  <testcase name="testSuccessfulTestAddNowBySiteName" time="63.026" classname="com.test1.tests.ScheduleTestNowBySiteNameTest"/>
  <testcase name="testSuccessfulTestAddNowBySiteName" time="64.175" classname="com.test1.tests.ScheduleTestNowBySiteNameTest"/>
</testsuite> <!-- com.test1.tests.ScheduleTestNowBySiteNameTest -->
