<?xml version="1.0" encoding="UTF-8"?>
<!-- Generated by org.testng.reporters.JUnitReportReporter -->
<testsuite hostname="E5530-2340" name="com.test1.tests.ScheduleLMNowByRunGroupTest" tests="3" failures="0" timestamp="23 Mar 2016 15:46:36 GMT" time="225.710" errors="0">
  <testcase name="testSuccessfulLoadMgmtNowRunGroupAdd" time="72.815" classname="com.test1.tests.ScheduleLMNowByRunGroupTest"/>
  <testcase name="testSuccessfulLoadMgmtNowRunGroupAdd" time="78.443" classname="com.test1.tests.ScheduleLMNowByRunGroupTest"/>
  <testcase name="testSuccessfulLoadMgmtNowRunGroupAdd" time="74.452" classname="com.test1.tests.ScheduleLMNowByRunGroupTest"/>
</testsuite> <!-- com.test1.tests.ScheduleLMNowByRunGroupTest -->
