<?xml version="1.0" encoding="UTF-8"?>
<!-- Generated by org.testng.reporters.JUnitReportReporter -->
<testsuite hostname="E5530-2340" name="com.test1.tests.ScheduleLMByRunGroupTest" tests="3" failures="0" timestamp="23 Mar 2016 15:22:03 GMT" time="247.091" errors="0">
  <testcase name="testSuccessfulLoadMgmtRunGroupAdd" time="80.723" classname="com.test1.tests.ScheduleLMByRunGroupTest"/>
  <testcase name="testSuccessfulLoadMgmtRunGroupAdd" time="79.086" classname="com.test1.tests.ScheduleLMByRunGroupTest"/>
  <testcase name="testSuccessfulLoadMgmtRunGroupAdd" time="87.282" classname="com.test1.tests.ScheduleLMByRunGroupTest"/>
</testsuite> <!-- com.test1.tests.ScheduleLMByRunGroupTest -->
