<?xml version="1.0" encoding="UTF-8"?>
<!-- Generated by org.testng.reporters.JUnitReportReporter -->
<testsuite hostname="E5530-2340" name="com.test1.tests.LoginTests" tests="4" failures="0" timestamp="21 Mar 2016 13:05:38 GMT" time="75.728" errors="0">
  <testcase name="testSuccessfulLogin" time="20.696" classname="com.test1.tests.LoginTests"/>
  <testcase name="testSuccessfulLogin" time="15.369" classname="com.test1.tests.LoginTests"/>
  <testcase name="testSuccessfulLogin" time="17.756" classname="com.test1.tests.LoginTests"/>
  <testcase name="testSuccessfulLogin" time="21.907" classname="com.test1.tests.LoginTests"/>
</testsuite> <!-- com.test1.tests.LoginTests -->
