<?xml version="1.0" encoding="UTF-8"?>
<!-- Generated by org.testng.reporters.JUnitReportReporter -->
<testsuite hostname="E5530-2340" name="com.test1.tests.AddNewTestViaConfigPageTest" tests="3" failures="0" timestamp="23 Mar 2016 13:44:25 GMT" time="228.113" errors="0">
  <testcase name="testSuccessfulTestAdd2" time="73.800" classname="com.test1.tests.AddNewTestViaConfigPageTest"/>
  <testcase name="testSuccessfulTestAdd2" time="72.093" classname="com.test1.tests.AddNewTestViaConfigPageTest"/>
  <testcase name="testSuccessfulTestAdd2" time="82.220" classname="com.test1.tests.AddNewTestViaConfigPageTest"/>
</testsuite> <!-- com.test1.tests.AddNewTestViaConfigPageTest -->
